[22:35:19] [ INFO ] [Launcher] Starting Launcher on Blu-PC with PID 6864 (D:\Bots\TwitchBot (original by Konomi) JS Attempt\Lavalink\Lavalink.jar started by FBKBotRDP in D:\Bots\TwitchBot (original by Konomi) JS Attempt\Lavalink)
[22:35:20] [ INFO ] [Launcher] No active profile set, falling back to default profiles: default
[22:35:21] [ INFO ] [AnnotationConfigServletWebServerApplicationContext] Refreshing org.springframework.boot.web.servlet.context.AnnotationConfigServletWebServerApplicationContext@32d992b2: startup date [Tue Jun 05 22:35:21 SGT 2018]; root of context hierarchy
[22:35:44] [ INFO ] [TomcatWebServer] Tomcat initialized with port(s): 2333 (http)
[22:35:47] [ INFO ] [Http11NioProtocol] Initializing ProtocolHandler ["http-nio-0.0.0.0-2333"]
[22:35:52] [ INFO ] [StandardService] Starting service [Tomcat]
[22:35:52] [ INFO ] [StandardEngine] Starting Servlet Engine: Apache Tomcat/8.5.28
[22:35:56] [ INFO ] [AprLifecycleListener] The APR based Apache Tomcat Native library which allows optimal performance in production environments was not found on the java.library.path: [C:\ProgramData\Oracle\Java\javapath;C:\Windows\Sun\Java\bin;C:\Windows\system32;C:\Windows;C:\Program Files\Common Files\Microsoft Shared\Windows Live;C:\Program Files (x86)\Common Files\Microsoft Shared\Windows Live;C:\ProgramData\Oracle\Java\javapath;D:\ffmpeg\bin;D:\GitHub\Bots\TattleBlooky\ffmpeg\bin;D:\Python\Python36-32\Scripts\;D:\Python\Python36-32\;C:\Windows\system32;C:\Windows;C:\Windows\System32\Wbem;C:\Windows\System32\WindowsPowerShell\v1.0\;C:\Users\Blu\AppData\Roaming\npm;C:\Program Files\nodejs\;C:\Program Files (x86)\Windows Kits\8.1\Windows Performance Toolkit\;C:\Program Files (x86)\Windows Live\Shared;C:\Program Files\Git\cmd;.]
[22:36:01] [ INFO ] [[/]] Initializing Spring embedded WebApplicationContext
[22:36:01] [ INFO ] [ContextLoader] Root WebApplicationContext: initialization completed in 39796 ms
[22:36:03] [ INFO ] [ServletRegistrationBean] Servlet dispatcherServlet mapped to [/]
[22:36:03] [ INFO ] [FilterRegistrationBean] Mapping filter: 'characterEncodingFilter' to: [/*]
[22:36:03] [ INFO ] [FilterRegistrationBean] Mapping filter: 'hiddenHttpMethodFilter' to: [/*]
[22:36:03] [ INFO ] [FilterRegistrationBean] Mapping filter: 'httpPutFormContentFilter' to: [/*]
[22:36:03] [ INFO ] [FilterRegistrationBean] Mapping filter: 'requestContextFilter' to: [/*]
[22:36:07] [ INFO ] [GarbageCollectionMonitor] GC monitoring enabled, reporting results every 2 minutes.
[22:36:07] [ INFO ] [AudioSendFactoryConfiguration] OS: Windows 7, Arch: amd64
[22:36:07] [ INFO ] [AudioSendFactoryConfiguration] JDA-NAS supported system detected. Enabled native audio sending.
[22:36:07] [ INFO ] [AudioSendFactoryConfiguration] Setting buffer to 400ms
[22:36:07] [ INFO ] [AudioSendFactoryConfiguration] Setting playlist load limit to 600
[22:36:08] [ INFO ] [Launcher] No sentry dsn found, turning off sentry.
[22:36:08] [ ERROR] [SocketServer] Caught exception in websocket
java.net.BindException: Address already in use: bind
	at sun.nio.ch.Net.bind0(Native Method)
	at sun.nio.ch.Net.bind(Unknown Source)
	at sun.nio.ch.Net.bind(Unknown Source)
	at sun.nio.ch.ServerSocketChannelImpl.bind(Unknown Source)
	at sun.nio.ch.ServerSocketAdaptor.bind(Unknown Source)
	at sun.nio.ch.ServerSocketAdaptor.bind(Unknown Source)
	at org.java_websocket.server.WebSocketServer.run(WebSocketServer.java:315)
	at java.lang.Thread.run(Unknown Source)
[22:36:17] [ INFO ] [RequestMappingHandlerAdapter] Looking for @ControllerAdvice: org.springframework.boot.web.servlet.context.AnnotationConfigServletWebServerApplicationContext@32d992b2: startup date [Tue Jun 05 22:35:21 SGT 2018]; root of context hierarchy
[22:36:18] [ INFO ] [RequestMappingHandlerMapping] Mapped "{[/loadtracks],methods=[GET],produces=[application/json]}" onto public java.lang.String lavalink.server.player.AudioLoaderRestHandler.getLoadTracks(javax.servlet.http.HttpServletRequest,javax.servlet.http.HttpServletResponse,java.lang.String) throws java.io.IOException,java.lang.InterruptedException
[22:36:18] [ INFO ] [RequestMappingHandlerMapping] Mapped "{[/decodetrack],methods=[GET],produces=[application/json]}" onto public java.lang.String lavalink.server.player.AudioLoaderRestHandler.getDecodeTrack(javax.servlet.http.HttpServletRequest,javax.servlet.http.HttpServletResponse,java.lang.String) throws java.io.IOException
[22:36:18] [ INFO ] [RequestMappingHandlerMapping] Mapped "{[/decodetracks],methods=[POST],consumes=[application/json],produces=[application/json]}" onto public java.lang.String lavalink.server.player.AudioLoaderRestHandler.postDecodeTracks(javax.servlet.http.HttpServletRequest,javax.servlet.http.HttpServletResponse,java.lang.String) throws java.io.IOException
[22:36:18] [ INFO ] [RequestMappingHandlerMapping] Mapped "{[/debug/nashorn],methods=[POST]}" onto public java.lang.String lavalink.server.util.DebugRestHandler.getLoadTracks(javax.servlet.http.HttpServletRequest,javax.servlet.http.HttpServletResponse,java.lang.String,java.lang.String)
[22:36:18] [ INFO ] [RequestMappingHandlerMapping] Mapped "{[/error]}" onto public org.springframework.http.ResponseEntity<java.util.Map<java.lang.String, java.lang.Object>> org.springframework.boot.autoconfigure.web.servlet.error.BasicErrorController.error(javax.servlet.http.HttpServletRequest)
[22:36:18] [ INFO ] [RequestMappingHandlerMapping] Mapped "{[/error],produces=[text/html]}" onto public org.springframework.web.servlet.ModelAndView org.springframework.boot.autoconfigure.web.servlet.error.BasicErrorController.errorHtml(javax.servlet.http.HttpServletRequest,javax.servlet.http.HttpServletResponse)
[22:36:19] [ INFO ] [SimpleUrlHandlerMapping] Mapped URL path [/webjars/**] onto handler of type [class org.springframework.web.servlet.resource.ResourceHttpRequestHandler]
[22:36:19] [ INFO ] [SimpleUrlHandlerMapping] Mapped URL path [/**] onto handler of type [class org.springframework.web.servlet.resource.ResourceHttpRequestHandler]
[22:36:20] [ INFO ] [SimpleUrlHandlerMapping] Mapped URL path [/**/favicon.ico] onto handler of type [class org.springframework.web.servlet.resource.ResourceHttpRequestHandler]
[22:36:22] [ INFO ] [AnnotationMBeanExporter] Registering beans for JMX exposure on startup
[22:36:22] [ INFO ] [Http11NioProtocol] Starting ProtocolHandler ["http-nio-0.0.0.0-2333"]
[22:36:22] [ INFO ] [NioSelectorPool] Using a shared selector for servlet write/read
[22:36:22] [ INFO ] [TomcatWebServer] Tomcat started on port(s): 2333 (http) with context path ''
[22:36:23] [ INFO ] [Launcher] Started Launcher in 72.053 seconds (JVM running for 87.785)
[22:38:07] [ WARN ] [GarbageCollectionMonitor] Suspicious GC results for the last 2 minutes: [Bucket 0 = 0] [Bucket 20 = 0] [Bucket 50 = 1] [Bucket 200 = 1] [Bucket 500 = 0] [Bucket 2000 = 0] 
[22:43:13] [ INFO ] [Launcher] Shutdown hook triggered
[22:43:13] [ INFO ] [GarbageCollectionMonitor] GC monitoring disabled.
[22:43:44] [ INFO ] [Launcher] Starting Launcher on Blu-PC with PID 6664 (D:\Bots\TwitchBot (original by Konomi) JS Attempt\Lavalink\Lavalink.jar started by FBKBotRDP in D:\Bots\TwitchBot (original by Konomi) JS Attempt\Lavalink)
[22:43:44] [ INFO ] [Launcher] No active profile set, falling back to default profiles: default
[22:43:48] [ INFO ] [AnnotationConfigServletWebServerApplicationContext] Refreshing org.springframework.boot.web.servlet.context.AnnotationConfigServletWebServerApplicationContext@32d992b2: startup date [Tue Jun 05 22:43:48 SGT 2018]; root of context hierarchy
[22:44:12] [ INFO ] [TomcatWebServer] Tomcat initialized with port(s): 2333 (http)
[22:44:12] [ INFO ] [Http11NioProtocol] Initializing ProtocolHandler ["http-nio-127.0.0.1-2333"]
[22:44:12] [ INFO ] [StandardService] Starting service [Tomcat]
[22:44:12] [ INFO ] [StandardEngine] Starting Servlet Engine: Apache Tomcat/8.5.28
[22:44:12] [ INFO ] [AprLifecycleListener] The APR based Apache Tomcat Native library which allows optimal performance in production environments was not found on the java.library.path: [C:\ProgramData\Oracle\Java\javapath;C:\Windows\Sun\Java\bin;C:\Windows\system32;C:\Windows;C:\Program Files\Common Files\Microsoft Shared\Windows Live;C:\Program Files (x86)\Common Files\Microsoft Shared\Windows Live;C:\ProgramData\Oracle\Java\javapath;D:\ffmpeg\bin;D:\GitHub\Bots\TattleBlooky\ffmpeg\bin;D:\Python\Python36-32\Scripts\;D:\Python\Python36-32\;C:\Windows\system32;C:\Windows;C:\Windows\System32\Wbem;C:\Windows\System32\WindowsPowerShell\v1.0\;C:\Users\Blu\AppData\Roaming\npm;C:\Program Files\nodejs\;C:\Program Files (x86)\Windows Kits\8.1\Windows Performance Toolkit\;C:\Program Files (x86)\Windows Live\Shared;C:\Program Files\Git\cmd;.]
[22:44:15] [ INFO ] [[/]] Initializing Spring embedded WebApplicationContext
[22:44:15] [ INFO ] [ContextLoader] Root WebApplicationContext: initialization completed in 26976 ms
[22:44:18] [ INFO ] [ServletRegistrationBean] Servlet dispatcherServlet mapped to [/]
[22:44:20] [ INFO ] [FilterRegistrationBean] Mapping filter: 'characterEncodingFilter' to: [/*]
[22:44:20] [ INFO ] [FilterRegistrationBean] Mapping filter: 'hiddenHttpMethodFilter' to: [/*]
[22:44:20] [ INFO ] [FilterRegistrationBean] Mapping filter: 'httpPutFormContentFilter' to: [/*]
[22:44:20] [ INFO ] [FilterRegistrationBean] Mapping filter: 'requestContextFilter' to: [/*]
[22:44:43] [ INFO ] [GarbageCollectionMonitor] GC monitoring enabled, reporting results every 2 minutes.
[22:44:43] [ INFO ] [AudioSendFactoryConfiguration] OS: Windows 7, Arch: amd64
[22:44:43] [ INFO ] [AudioSendFactoryConfiguration] JDA-NAS supported system detected. Enabled native audio sending.
[22:44:43] [ INFO ] [AudioSendFactoryConfiguration] Setting buffer to 400ms
[22:44:43] [ INFO ] [AudioSendFactoryConfiguration] Setting playlist load limit to 600
[22:44:44] [ INFO ] [Launcher] No sentry dsn found, turning off sentry.
[22:44:45] [ ERROR] [SocketServer] Caught exception in websocket
java.net.BindException: Address already in use: bind
	at sun.nio.ch.Net.bind0(Native Method)
	at sun.nio.ch.Net.bind(Unknown Source)
	at sun.nio.ch.Net.bind(Unknown Source)
	at sun.nio.ch.ServerSocketChannelImpl.bind(Unknown Source)
	at sun.nio.ch.ServerSocketAdaptor.bind(Unknown Source)
	at sun.nio.ch.ServerSocketAdaptor.bind(Unknown Source)
	at org.java_websocket.server.WebSocketServer.run(WebSocketServer.java:315)
	at java.lang.Thread.run(Unknown Source)
[22:45:00] [ INFO ] [RequestMappingHandlerAdapter] Looking for @ControllerAdvice: org.springframework.boot.web.servlet.context.AnnotationConfigServletWebServerApplicationContext@32d992b2: startup date [Tue Jun 05 22:43:48 SGT 2018]; root of context hierarchy
[22:45:03] [ INFO ] [RequestMappingHandlerMapping] Mapped "{[/loadtracks],methods=[GET],produces=[application/json]}" onto public java.lang.String lavalink.server.player.AudioLoaderRestHandler.getLoadTracks(javax.servlet.http.HttpServletRequest,javax.servlet.http.HttpServletResponse,java.lang.String) throws java.io.IOException,java.lang.InterruptedException
[22:45:03] [ INFO ] [RequestMappingHandlerMapping] Mapped "{[/decodetrack],methods=[GET],produces=[application/json]}" onto public java.lang.String lavalink.server.player.AudioLoaderRestHandler.getDecodeTrack(javax.servlet.http.HttpServletRequest,javax.servlet.http.HttpServletResponse,java.lang.String) throws java.io.IOException
[22:45:03] [ INFO ] [RequestMappingHandlerMapping] Mapped "{[/decodetracks],methods=[POST],consumes=[application/json],produces=[application/json]}" onto public java.lang.String lavalink.server.player.AudioLoaderRestHandler.postDecodeTracks(javax.servlet.http.HttpServletRequest,javax.servlet.http.HttpServletResponse,java.lang.String) throws java.io.IOException
[22:45:03] [ INFO ] [RequestMappingHandlerMapping] Mapped "{[/debug/nashorn],methods=[POST]}" onto public java.lang.String lavalink.server.util.DebugRestHandler.getLoadTracks(javax.servlet.http.HttpServletRequest,javax.servlet.http.HttpServletResponse,java.lang.String,java.lang.String)
[22:45:03] [ INFO ] [RequestMappingHandlerMapping] Mapped "{[/error]}" onto public org.springframework.http.ResponseEntity<java.util.Map<java.lang.String, java.lang.Object>> org.springframework.boot.autoconfigure.web.servlet.error.BasicErrorController.error(javax.servlet.http.HttpServletRequest)
[22:45:03] [ INFO ] [RequestMappingHandlerMapping] Mapped "{[/error],produces=[text/html]}" onto public org.springframework.web.servlet.ModelAndView org.springframework.boot.autoconfigure.web.servlet.error.BasicErrorController.errorHtml(javax.servlet.http.HttpServletRequest,javax.servlet.http.HttpServletResponse)
[22:45:04] [ INFO ] [SimpleUrlHandlerMapping] Mapped URL path [/webjars/**] onto handler of type [class org.springframework.web.servlet.resource.ResourceHttpRequestHandler]
[22:45:04] [ INFO ] [SimpleUrlHandlerMapping] Mapped URL path [/**] onto handler of type [class org.springframework.web.servlet.resource.ResourceHttpRequestHandler]
[22:45:06] [ INFO ] [SimpleUrlHandlerMapping] Mapped URL path [/**/favicon.ico] onto handler of type [class org.springframework.web.servlet.resource.ResourceHttpRequestHandler]
[22:45:10] [ INFO ] [AnnotationMBeanExporter] Registering beans for JMX exposure on startup
[22:45:10] [ INFO ] [Http11NioProtocol] Starting ProtocolHandler ["http-nio-127.0.0.1-2333"]
[22:45:10] [ INFO ] [NioSelectorPool] Using a shared selector for servlet write/read
[22:45:11] [ INFO ] [TomcatWebServer] Tomcat started on port(s): 2333 (http) with context path ''
[22:45:11] [ INFO ] [Launcher] Started Launcher in 101.836 seconds (JVM running for 115.027)
[22:46:43] [ WARN ] [GarbageCollectionMonitor] Suspicious GC results for the last 2 minutes: [Bucket 0 = 0] [Bucket 20 = 0] [Bucket 50 = 0] [Bucket 200 = 1] [Bucket 500 = 0] [Bucket 2000 = 0] 
